1560572361251	mozrunner::runner	INFO	Running command: "C:\\Program Files\\Mozilla Firefox\\firefox.exe" "-marionette" "-foreground" "-no-remote" "-profile" "C:\\Users\\123\\AppData\\Local\\Temp\\rust_mozprofile.K9opZrKZM5KV"
1560572363106	addons.webextension.screenshots@mozilla.org	WARN	Loading extension 'screenshots@mozilla.org': Reading manifest: Invalid extension permission: mozillaAddons
1560572363107	addons.webextension.screenshots@mozilla.org	WARN	Loading extension 'screenshots@mozilla.org': Reading manifest: Invalid extension permission: resource://pdf.js/
1560572363107	addons.webextension.screenshots@mozilla.org	WARN	Loading extension 'screenshots@mozilla.org': Reading manifest: Invalid extension permission: about:reader*
1560572388883	Marionette	INFO	Listening on port 49494
[Child 5560, Chrome_ChildThread] WARNING: pipe error: 109: file z:/task_1558039115/build/src/ipc/chromium/src/chrome/common/ipc_channel_win.cc, line 341
[Child 5560, Chrome_ChildThread] WARNING: pipe error: 109: file z:/task_1558039115/build/src/ipc/chromium/src/chrome/common/ipc_channel_win.cc, line 341
1560572389515	Marionette	WARN	TLS certificate errors will be ignored for this session
console.error: BroadcastService: 
  receivedBroadcastMessage: handler for
  remote-settings/monitor_changes
  threw error:
  Message: Error: Polling for changes failed: http://%(server)s/dummy/blocklist//buckets/monitor/collections/changes/records?_expected=%221560543503257%22 is not a valid URL..
  Stack:
    remoteSettingsFunction/remoteSettings.pollChanges@resource://services-settings/remote-settings.js:203:13

console.warn: "Error while detaching the thread front: 'detach' request packet to 'server1.conn0.child1/context19' can't be sent as the connection is closed."
console.warn: "Error while detaching the thread front: 'detach' request packet to 'server1.conn1.child1/context19' can't be sent as the connection is closed."
[Parent 4360, Gecko_IOThread] WARNING: pipe error: 109: file z:/task_1558039115/build/src/ipc/chromium/src/chrome/common/ipc_channel_win.cc, line 341
[Child 1508, Chrome_ChildThread] WARNING: pipe error: 109: file z:/task_1558039115/build/src/ipc/chromium/src/chrome/common/ipc_channel_win.cc, line 341
[Parent 4360, Gecko_IOThread] WARNING: file z:/task_1558039115/build/src/ipc/chromium/src/base/process_util_win.cc, line 160
[Child 6532, Chrome_Chil[Parent 4360, Gecko_IOThread] WARNING: file z:/task_1558039115/build/src/ipc/chromium/src/base/process_util_win.cc, line 160
[Child 6276, Chrome_ChildThread] WARNING: pipe error: 109: file z:/task_1558039115/build/src/ipc/chromium/src/chrome/common/ipc_channel_win.cc, line 341
[Child 6276, Chrome_Child[Parent 4360, Gecko_IOThread] WARNING: pipe error: 109: file z:/task_1558039115/build/src/ipc/chromium/src/chrome/common/ipc_channel_win.cc, line 341
[Child 3564, Chrome_ChildThread] WARNING: pipe error: 109: file z:/task_1558039115/build/src/ipc/chromium/src/chrome/common/ipc_channel_win.cc, line 341
[Child 3564, Chrome_ChildT1560575112126	Marionette	INFO	Stopped listening on port 49494
1560577789329	mozrunner::runner	INFO	Running command: "C:\\Program Files\\Mozilla Firefox\\firefox.exe" "-marionette" "-foreground" "-no-remote" "-profile" "C:\\Users\\123\\AppData\\Local\\Temp\\rust_mozprofile.hqRbFm7uF4r9"
1560578820703	mozrunner::runner	INFO	Running command: "C:\\Program Files\\Mozilla Firefox\\firefox.exe" "-marionette" "-foreground" "-no-remote" "-profile" "C:\\Users\\123\\AppData\\Local\\Temp\\rust_mozprofile.pPCixrAxDXey"
1560578822764	addons.webextension.screenshots@mozilla.org	WARN	Loading extension 'screenshots@mozilla.org': Reading manifest: Invalid extension permission: mozillaAddons
1560578822765	addons.webextension.screenshots@mozilla.org	WARN	Loading extension 'screenshots@mozilla.org': Reading manifest: Invalid extension permission: resource://pdf.js/
1560578822765	addons.webextension.screenshots@mozilla.org	WARN	Loading extension 'screenshots@mozilla.org': Reading manifest: Invalid extension permission: about:reader*
1560578828412	Marionette	INFO	Listening on port 55264
1560578828528	Marionette	WARN	TLS certificate errors will be ignored for this session
console.error: BroadcastService: 
  receivedBroadcastMessage: handler for
  remote-settings/monitor_changes
  threw error:
  Message: Error: Polling for changes failed: http://%(server)s/dummy/blocklist//buckets/monitor/collections/changes/records?_expected=%221560543503257%22 is not a valid URL..
  Stack:
    remoteSettingsFunction/remoteSettings.pollChanges@resource://services-settings/remote-settings.js:203:13

[Parent 5388, Gecko_IOThread] WARNING: pipe error: 109: file z:/task_1559931766/build/src/ipc/chromium/src/chrome/common/ipc_channel_win.cc, line 341
[Child 508, Chrome_ChildThread] WARNING: pipe error: 109: file z:/task_1559931766/build/src/ipc/chromium/src/chrome/common/ipc_channel_win.cc, line 341
[Child 508, Chrome_ChildThread] WARNI[Child 7204, Chrome_ChildThread] WARNING: pipe error: 109: file z:/task_1559931766/build/src/ipc/chromium/src/chrome/common/ipc_channel_win.cc, line 341
[Child 7204, Chrome_ChildThread] WARNIN[Child 8068, Chrome_ChildThread] WARNING: pipe error: 109: file z:/task_1559931766/build/src/ipc/chromium/src/chrome/common/ipc_channel_win.cc, line 341
[Child 8068, Chrome_ChildThread] WARNING: pipe error: 109: file z:/task_1559931766/build/src/ipc/chromium/src/chrome/common/ipc_channel_win.cc, line 341
[Parent 5388, Gecko_IOThread] WARNING: pipe error: 232: file z:/task_1559931766/build/src/ipc/chromium/src/chrome/common/ipc_channel_win.cc, line 502
[Parent 5388, Gecko_IOThread] WARNING: pipe error: 109: file z:/task_1559931766/build/src/ipc/chromium/src/chrome/common/ipc_channel_win.cc, line 341
[Child 4992, Chrome_ChildThread] WARNING: pipe error: 109: file z:/task_1559931766/build/src/ipc/chromium/src/chrome/common/ipc_channel_win.cc, line 341
[Child 4992, Chr1560579030618	Marionette	INFO	Stopped listening on port 55264
1560579813038	mozrunner::runner	INFO	Running command: "C:\\Program Files\\Mozilla Firefox\\firefox.exe" "-marionette" "-foreground" "-no-remote" "-profile" "C:\\Users\\123\\AppData\\Local\\Temp\\rust_mozprofile.xwXD4uzzNgWe"
1560579815335	addons.webextension.screenshots@mozilla.org	WARN	Loading extension 'screenshots@mozilla.org': Reading manifest: Invalid extension permission: mozillaAddons
1560579815335	addons.webextension.screenshots@mozilla.org	WARN	Loading extension 'screenshots@mozilla.org': Reading manifest: Invalid extension permission: resource://pdf.js/
1560579815336	addons.webextension.screenshots@mozilla.org	WARN	Loading extension 'screenshots@mozilla.org': Reading manifest: Invalid extension permission: about:reader*
1560579819965	Marionette	INFO	Listening on port 56255
1560579820205	Marionette	WARN	TLS certificate errors will be ignored for this session
console.error: BroadcastService: 
  receivedBroadcastMessage: handler for
  remote-settings/monitor_changes
  threw error:
  Message: Error: Polling for changes failed: http://%(server)s/dummy/blocklist//buckets/monitor/collections/changes/records?_expected=%221560543503257%22 is not a valid URL..
  Stack:
    remoteSettingsFunction/remoteSettings.pollChanges@resource://services-settings/remote-settings.js:203:13

[Child 5896, Chrome_ChildThread] WARNING: pipe error: 109: file z:/task_1559931766/build/src/ipc/chromium/src/chrome/common/ipc_channel_win.cc, line 341
[Child 5896, Chrome_Chil[Child 4432, Chrome_ChildThread] WARNING: pipe error: 109: file z:/task_1559931766/build/src/ipc/chromium/src/chrome/common/ipc_channel_win.cc, line 341
[Child 4432, Chrome_ChildThread] WARNING: pipe error: 109: file z:/task_1559931766/build/src/ipc/chromium/src/chrome/common/ipc_channel_win.cc, line 341
[Child 7636, Chrome_ChildThread] WARNING: pipe error: 109: file z:/task_155[Child 5932, Chrome_ChildThread] WARNING: pipe error: 109: file z:/task_1559931766/build/src/ipc/chromium/src/chrome/common/ipc_channel_win.cc, line 341
[Child 5932, Chrome_ChildThread] WARNING: pi9pe error: 109: file z:/task_1559931766931766/build/src/ipc/chromium/src/chrome/common/ipc_channel_win.cc, line 341
[Child 7636, Chrome_ChildThread] WARNING:[Child 3564, Chrome_ChildThread] WARNING: pipe error: 109: file z:/task_1559931766/build/src/ipc/chromium/src/chrome/common/ipc_channel_win.cc, line 341
[Child 3564, Chrome_ChildThread] WARNING: pipe error: 109: file z:/task_1559931766/build/src/ipc/chromium/src/chrome/common/ipc_channel_win.cc, line 341
1560580080211	Marionette	INFO	Stopped listening on port 56255
1560580163671	mozrunner::runner	INFO	Running command: "C:\\Program Files\\Mozilla Firefox\\firefox.exe" "-marionette" "-foreground" "-no-remote" "-profile" "C:\\Users\\123\\AppData\\Local\\Temp\\rust_mozprofile.HHQhQv9wQ917"
1560580165028	addons.webextension.screenshots@mozilla.org	WARN	Loading extension 'screenshots@mozilla.org': Reading manifest: Invalid extension permission: mozillaAddons
1560580165029	addons.webextension.screenshots@mozilla.org	WARN	Loading extension 'screenshots@mozilla.org': Reading manifest: Invalid extension permission: resource://pdf.js/
1560580165029	addons.webextension.screenshots@mozilla.org	WARN	Loading extension 'screenshots@mozilla.org': Reading manifest: Invalid extension permission: about:reader*
1560580169558	Marionette	INFO	Listening on port 56631
1560580169741	Marionette	WARN	TLS certificate errors will be ignored for this session
[Parent 7840, Gecko_IOThread] WARNING: pipe error: 109: file z:/task_1559931766/build/src/ipc/chromium/src/chrome/common/ipc_channel_win.cc, line 341
[Child 5544, Chrome_ChildThread] WARNING: pipe error: 109: file z:/task_1559931766/build/src/ipc/chromium/src/chrome/common/ipc_channel_win.cc, line 341
[Child 5544, Chrome_ChildThread] WARNING: pipe e[Child 3724, Chrome_ChildThread] WARNING: pipe error: 109: file z:/task_1559931766/build/src/ipc/chromium/src/chrome/common/ipc_channel_win.cc, line 341
[Child 3724, Chrome_ChildThread] WARNING: pipe error: 109: file z:/task_1559931766/build/src/ipc/chromium/src/chrome/common/ipc_channel_win.cc, line 341
1560580226391	Marionette	INFO	Stopped listening on port 56631
1560580330623	mozrunner::runner	INFO	Running command: "C:\\Program Files\\Mozilla Firefox\\firefox.exe" "-marionette" "-foreground" "-no-remote" "-profile" "C:\\Users\\123\\AppData\\Local\\Temp\\rust_mozprofile.dWuzNzQzpyyb"
1560580331693	addons.webextension.screenshots@mozilla.org	WARN	Loading extension 'screenshots@mozilla.org': Reading manifest: Invalid extension permission: mozillaAddons
1560580331694	addons.webextension.screenshots@mozilla.org	WARN	Loading extension 'screenshots@mozilla.org': Reading manifest: Invalid extension permission: resource://pdf.js/
1560580331694	addons.webextension.screenshots@mozilla.org	WARN	Loading extension 'screenshots@mozilla.org': Reading manifest: Invalid extension permission: about:reader*
1560580335951	Marionette	INFO	Listening on port 56820
1560580336154	Marionette	WARN	TLS certificate errors will be ignored for this session
console.error: BroadcastService: 
  receivedBroadcastMessage: handler for
  remote-settings/monitor_changes
  threw error:
  Message: Error: Polling for changes failed: http://%(server)s/dummy/blocklist//buckets/monitor/collections/changes/records?_expected=%221560543503257%22 is not a valid URL..
  Stack:
    remoteSettingsFunction/remoteSettings.pollChanges@resource://services-settings/remote-settings.js:203:13

[Parent 6236, Gecko_IOThread] WARNING: pipe error: 109: file z:/task_1559931766/build/src/ipc/chromium/src/chrome/common/ipc_channel_win.cc, line 341
[Child 6320, Chrome_ChildThread] WARNING: pipe error: 109: file z:/task_1559931766/build/src/ipc/chromium/src/chrome/common/ipc_channel_win.cc, line 341
[Child 3324, Chrome_ChildThread] WARNING: pipe error: 109: file z:/task_1559931766/build/src/ipc/chromium/src/chrome/common/ipc_channel_win.cc, line 341
[Child 3324, Chrome_ChildThread] WARNING: pipe error: 109: file z:/task_1559931766/build/src/ipc/chromium/src/chrome/common/ipc_channel_win.cc, line 341
[Parent 6236, Gecko_IOThread] WARNING: pipe error: 109: file z:/task_1559931766/build/src/ipc/chromium/src/chrome/common/ipc_channel_win.cc, line 341
[Child 5880, Chrome_ChildThread] WARNING: pipe error: 109: file z:/task_1559931766/build/src/ipc/chromium/src/chrome/common/ipc_channel_win.cc, line 341
[Chil[Parent 6236, Gecko_IOThread] WARNING: file z:/task_1559931766/build/src/ipc/chromium/src/base/process_util_win.cc, line 160
1560580546757	Marionette	INFO	Stopped listening on port 56820
ges@resource://services-settings/remote-settings.js:203:13

JavaScript error: chrome://browser/content/browser-customization.js, line 167: NS_ERROR_NOT_INITIALIZED: 
[Child 3864, Chrome_ChildThread] WARNING: pipe error: 109: file z:/task_1559931766/build/src/ipc/chromium/src/chrome/common/ipc_channel_win.cc, line 341
[Ch[Parent 4728, Gecko_IOThread] WARNING: pipe error: 109: file z:/task_1559931766/build/src/ipc/chromium/src/chrome/common/ipc_channel_win.cc, line 341
[Child 2196, Chrome_ChildThread] WARNING: pipe error: 109: file z:/task_1559931766/build/src/ipc/chromium/src/chrome/common/ipc_channel_win.cc, line 341
[Child 2196, Chrome_ChildThread] WARNING: pi[Parent 4728, Gecko_IOThread] WARNING: file z:/task_1559931766/build/src/ipc/chromium/src/base/process_util_win.cc, line 160
[Child 7120, Chrome_ChildThread] WARNING: pipe error: 109: file z:/task_1559931766/build/src/ipc/chromium/src/chrome/common/ipc_channel_win.cc, line 341
[Child 7120, C1560580522627	Marionette	INFO	Stopped listening on port 56917
1560580553831	mozrunner::runner	INFO	Running command: "C:\\Program Files\\Mozilla Firefox\\firefox.exe" "-marionette" "-foreground" "-no-remote" "-profile" "C:\\Users\\123\\AppData\\Local\\Temp\\rust_mozprofile.Bn8DWV0YGYNV"
1560580558865	addons.webextension.screenshots@mozilla.org	WARN	Loading extension 'screenshots@mozilla.org': Reading manifest: Invalid extension permission: mozillaAddons
1560580558866	addons.webextension.screenshots@mozilla.org	WARN	Loading extension 'screenshots@mozilla.org': Reading manifest: Invalid extension permission: resource://pdf.js/
1560580558866	addons.webextension.screenshots@mozilla.org	WARN	Loading extension 'screenshots@mozilla.org': Reading manifest: Invalid extension permission: about:reader*
1560580565227	Marionette	INFO	Listening on port 57200
1560580565363	Marionette	WARN	TLS certificate errors will be ignored for this session
1560580569911	Marionette	INFO	Stopped listening on port 57200
[Parent 6408, Gecko_IOThread] WARNING: pipe error: 109: file z:/task_1559931766/build/src/ipc/chromium/src/chrome/common/ipc_channel_win.cc, line 341
[Child 6596, Chrome_ChildThread] WARNING: pipe error: 109: file z:/task_1559931766/build/src/ipc/chromium/src/chrome/common/ipc_channel_win.cc, line 341
[Child 6596, Chrome_[Parent 6408, Gecko_IOThread] WARNING: pipe error: 109: file z:/task_1559931766/build/src/ipc/chromium/src/chrome/common/ipc_channel_win.cc, line 341
[Child 5760, Chrome_ChildThread] WARNING: pipe error: 109: file z:/task_1559931766/build/src/ipc/chromium/src/chrome/common/ipc_channel_win.cc, line 341
[Child 5760, Chrome_ChildThread] WARNING: pipe error: 109: file z:/task_1559931766/build/src/ipc/chromium/src/chrome/common/ipc_channel_win.cc, line 341
[Parent 6408, Gecko_IOThread] WARNING: pipe error: 109: file z:/task_1559931766/build/src/ipc/chromium/src/chrome/common/ipc_channel_win.cc, line 341
[Child 6824, Chrome_ChildThread] WARNING: pipe error: 109: file z:/task_1559931766/build/src/ipc/chromium/src/chrome/common/ipc_channel_win.cc, line 341
[Child 6824, Chrome_ChildThread] WARNING: pipe error: 109: file z:/task_1559931766/build/src/ipc/chromium/src/chrome/common/ipc_channel_win.cc, line 341
JavaScript error: resource://gre/modules/Sqlite.jsm, line 834: Error: Connection is not open.
1560601117798	mozrunner::runner	INFO	Running command: "C:\\Program Files\\Mozilla Firefox\\firefox.exe" "-marionette" "-foreground" "-no-remote" "-profile" "C:\\Users\\123\\AppData\\Local\\Temp\\rust_mozprofile.h7Urghi1FbYC"
1560601121080	addons.webextension.screenshots@mozilla.org	WARN	Loading extension 'screenshots@mozilla.org': Reading manifest: Invalid extension permission: mozillaAddons
1560601121081	addons.webextension.screenshots@mozilla.org	WARN	Loading extension 'screenshots@mozilla.org': Reading manifest: Invalid extension permission: resource://pdf.js/
1560601121081	addons.webextension.screenshots@mozilla.org	WARN	Loading extension 'screenshots@mozilla.org': Reading manifest: Invalid extension permission: about:reader*
1560601132676	Marionette	INFO	Listening on port 51750
1560601133254	Marionette	WARN	TLS certificate errors will be ignored for this session
console.error: BroadcastService: 
  receivedBroadcastMessage: handler for
  remote-settings/monitor_changes
  threw error:
  Message: Error: Polling for changes failed: http://%(server)s/dummy/blocklist//buckets/monitor/collections/changes/records?_expected=%221560543503257%22 is not a valid URL..
  Stack:
    remoteSettingsFunction/remoteSettings.pollChanges@resource://services-settings/remote-settings.js:203:13

[Parent 7564, Gecko_IOThread] WARNING: pipe error: 109: file z:/task_1559931766/build/src/ipc/chromium/src/chrome/common/ipc_channel_win.cc, line 341
[Child 4444, Chrome_ChildThread] WARNING: pipe error: 109: file z:/task_1559931766/build/src/ipc/chromium/src/chrome/common/ipc_channel_win.cc, line 341
[Child 4444, Chrome_ChildThread] WARNING: pipe error: 109: file z:/task_1559931766/build/src/ipc/chromium/src/chrome/common/ipc_channel_win.cc, line 341

###!!! [Child][MessageChannel] Error: (msgtype=0x530005,name=PHttpChannel::Msg_Cancel) Closed channel: cannot send/recv


###!!! [Child][MessageChannel] Error: (msgtype=0x530005,name=PHttpChannel::Msg_Cancel) Closed channel: cannot send/recv

[Child 4360, Chrome_ChildThread] WARNING: pipe error: 109: file z:/task_1559931766/build/src/ipc/chromium/src/chrome/common/ipc_channel_win.cc, line 341
[Child 4360, Chrome_ChildThread] WARNING: pipe error: 109: file z:/task_155993[C1766/buhiilldd/ s8r0c4/8i,pc/chr Chromomium/e_ChildThrsead]rc /WARNING: pipe error: 109: file z:/task_1559931766/build/src/ipc/chromium/src/chrome/common/ipc_channel_win.cc, line 341
[Child 8048, Chrome_ChildThread] WARNING: pipe error: 109: file z:/task_1559931766/build/src/ipc/chromium/src/chrome/common/ipc_channel_win.cc, line 341
[Parent 7564, Gecko_IOThread] WARNING: pipe error: 109: file z:/task_1559931766/build/src/ipc/chromium/src/chrome/common/ipc_channel_win.cc, line 341
1560601203973	Marionette	INFO	Stopped listening on port 51750
1560601407590	mozrunner::runner	INFO	Running command: "C:\\Program Files\\Mozilla Firefox\\firefox.exe" "-marionette" "-foreground" "-no-remote" "-profile" "C:\\Users\\123\\AppData\\Local\\Temp\\rust_mozprofile.f2HKaGMbYlAb"
1560601410063	addons.webextension.screenshots@mozilla.org	WARN	Loading extension 'screenshots@mozilla.org': Reading manifest: Invalid extension permission: mozillaAddons
1560601410064	addons.webextension.screenshots@mozilla.org	WARN	Loading extension 'screenshots@mozilla.org': Reading manifest: Invalid extension permission: resource://pdf.js/
1560601410064	addons.webextension.screenshots@mozilla.org	WARN	Loading extension 'screenshots@mozilla.org': Reading manifest: Invalid extension permission: about:reader*
1560601415030	Marionette	INFO	Listening on port 52075
1560601415241	Marionette	WARN	TLS certificate errors will be ignored for this session
[Parent 1664, Gecko_IOThread] WARNING: pipe error: 109: file z:/task_1559931766/build/src/ipc/chromium/src/chrome/common/ipc_channel_win.cc, line 341
[Child 5092, Chrome_ChildThread] WARNING: pipe error: 109: file z:/task_1559931766/build/src/ipc/chromium/src/chrome/common/ipc_channel_win.cc, line 341
[Child 5092, Chrome_ChildThread] WARNING: pipe error: 109: file z:/task_1559931766/build/src/ipc/chromium/src/chrome/common/ipc_channel_win.cc, line 341

###!!! [Child][MessageChannel] Error: (msgtype=0x530005,name=PHttpChannel::Msg_Cancel) Closed channel: cannot send/recv

1560601434696	Marionette	INFO	Stopped listening on port 52075
1560601799363	mozrunner::runner	INFO	Running command: "C:\\Program Files\\Mozilla Firefox\\firefox.exe" "-marionette" "-foreground" "-no-remote" "-profile" "C:\\Users\\123\\AppData\\Local\\Temp\\rust_mozprofile.KvTqkynvS7PQ"
1560601800373	addons.webextension.screenshots@mozilla.org	WARN	Loading extension 'screenshots@mozilla.org': Reading manifest: Invalid extension permission: mozillaAddons
1560601800373	addons.webextension.screenshots@mozilla.org	WARN	Loading extension 'screenshots@mozilla.org': Reading manifest: Invalid extension permission: resource://pdf.js/
1560601800373	addons.webextension.screenshots@mozilla.org	WARN	Loading extension 'screenshots@mozilla.org': Reading manifest: Invalid extension permission: about:reader*
1560601804618	Marionette	INFO	Listening on port 52483
1560601804829	Marionette	WARN	TLS certificate errors will be ignored for this session
[Child 1176, Chrome_ChildThread] WARNING: pipe error: 109: file z:/task_1559931766/build/src/ipc/chromium/src/chrome/common/ipc_channel_win.cc, line 341
[Child 7996, Chrome_ChildThread] WARNING: pipe error: 109: file z:/task_1559931766/build/src/ipc/chromium/src/chrome/common/ipc_channel_win.cc, line 341
[Child 7996, Chrome_ChildThread] WARNING: pipe error: 109: file z:/task_1559931766/build/src/ipc/chromium/src/chrome/common/ipc_channel_win.cc, line 341

###!!! [Child][MessageChannel] Error: (msgtype=0x530005,name=PHttpChannel::Msg_Cancel) Closed channel: cannot send/recv

[Parent 2708, Gecko_IOThread] WARNING: pipe error: 109: file z:/task_1559931766/build/src/ipc/chromium/src/chrome/common/ipc_channel_win.cc, line 341
[Child 2152, Chrome_ChildThread] WARNING: pipe error: 109: file z:/task_1559931766/build/src/ipc/chromium/src/chrome/common/ipc_channel_win.cc, line 341
[Child 2152, Chrome_Child1560601882156	Marionette	INFO	Stopped listening on port 52483
1560601890739	mozrunner::runner	INFO	Running command: "C:\\Program Files\\Mozilla Firefox\\firefox.exe" "-marionette" "-foreground" "-no-remote" "-profile" "C:\\Users\\123\\AppData\\Local\\Temp\\rust_mozprofile.YO5aP5ao0p0O"
1560601891589	addons.webextension.screenshots@mozilla.org	WARN	Loading extension 'screenshots@mozilla.org': Reading manifest: Invalid extension permission: mozillaAddons
1560601891590	addons.webextension.screenshots@mozilla.org	WARN	Loading extension 'screenshots@mozilla.org': Reading manifest: Invalid extension permission: resource://pdf.js/
1560601891590	addons.webextension.screenshots@mozilla.org	WARN	Loading extension 'screenshots@mozilla.org': Reading manifest: Invalid extension permission: about:reader*
1560601896143	Marionette	INFO	Listening on port 52612
1560601896199	Marionette	WARN	TLS certificate errors will be ignored for this session
[Child 4892, Chrome_ChildThread] WARNING: pipe error: 109: file z:/task_1559931766/build/src/ipc/chromium/src/chrome/common/ipc_channel_win.cc, line 341
[Child 4892, Chrome_ChildThread] 
###!!! [Child][MessageChannel] Error: (msgtype=0x530005,name=PHttpChannel::Msg_Cancel) Closed channel: cannot send/recv

WARN
###!!! [Child][MessageChannel] Error: (msgtype=0x530005,name=PHttpChannel::Msg_Cancel) Closed channel: cannot send/recv

ING: pipe error: [Child 4444, Chrome_ChildThread] WARNING: pipe error: 109: file z:/task_1559931766/build/src/ipc/chromium/src/chrome/common/ipc_channel_win.cc, line 341
[Child 4444, 1560601925181	Marionette	INFO	Stopped listening on port 52612
1560602065602	mozrunner::runner	INFO	Running command: "C:\\Program Files\\Mozilla Firefox\\firefox.exe" "-marionette" "-foreground" "-no-remote" "-profile" "C:\\Users\\123\\AppData\\Local\\Temp\\rust_mozprofile.NXyVYaibku4P"
1560602067547	addons.webextension.screenshots@mozilla.org	WARN	Loading extension 'screenshots@mozilla.org': Reading manifest: Invalid extension permission: mozillaAddons
1560602067547	addons.webextension.screenshots@mozilla.org	WARN	Loading extension 'screenshots@mozilla.org': Reading manifest: Invalid extension permission: resource://pdf.js/
1560602067548	addons.webextension.screenshots@mozilla.org	WARN	Loading extension 'screenshots@mozilla.org': Reading manifest: Invalid extension permission: about:reader*
1560602072068	Marionette	INFO	Listening on port 52797
1560602072164	Marionette	WARN	TLS certificate errors will be ignored for this session
[Child 7508, Chrome_ChildThread] WARNING: pipe error: 109: file z:/task_1559931766/build/src/ipc/chromium/src/chrome/common/ipc_channel_win.cc, line 341

###!!! [Child][MessageChannel] Error: (msgtype=0x530005,name=PHttpChannel::Msg_Cancel) Closed channel: cannot send/recv

[Child 6968, Chrome_ChildThread] WARNING: pipe error: 109: file z:/task_1559931766/build/src/ipc/chromium/src/chrome/common/ipc_channel_win.cc, line 341
[Child 6[1560602090930	Marionette	INFO	Stopped listening on port 52797
1560602261097	mozrunner::runner	INFO	Running command: "C:\\Program Files\\Mozilla Firefox\\firefox.exe" "-marionette" "-foreground" "-no-remote" "-profile" "C:\\Users\\123\\AppData\\Local\\Temp\\rust_mozprofile.nabGoOxsv9lw"
1560602263311	addons.webextension.screenshots@mozilla.org	WARN	Loading extension 'screenshots@mozilla.org': Reading manifest: Invalid extension permission: mozillaAddons
1560602263312	addons.webextension.screenshots@mozilla.org	WARN	Loading extension 'screenshots@mozilla.org': Reading manifest: Invalid extension permission: resource://pdf.js/
1560602263312	addons.webextension.screenshots@mozilla.org	WARN	Loading extension 'screenshots@mozilla.org': Reading manifest: Invalid extension permission: about:reader*
1560602267752	Marionette	INFO	Listening on port 53045
1560602267774	Marionette	WARN	TLS certificate errors will be ignored for this session
console.error: BroadcastService: 
  receivedBroadcastMessage: handler for
  remote-settings/monitor_changes
  threw error:
  Message: Error: Polling for changes failed: http://%(server)s/dummy/blocklist//buckets/monitor/collections/changes/records?_expected=%221560543503257%22 is not a valid URL..
  Stack:
    remoteSettingsFunction/remoteSettings.pollChanges@resource://services-settings/remote-settings.js:203:13

[Parent 6104, Gecko_IOThread] WARNING: pipe error: 109: file z:/task_1559931766/build/src/ipc/chromium/src/chrome/common/ipc_channel_win.cc, line 341
[Child 6312, Chrome_ChildThread] WARNING: [Cphiipld 4812, Chrome_ChildThread] WARNIe error: 109: file z:/task_1559931766/build/src/ipc/chromium/src/chrNome/common/ipc_channel_win.cc, line G: pipe error: 109: file z:/task_1559931766/build/src/ipc/chromium/src/chrome/common/ipc_channel_win.341
cc, line 341
[Chi[Child 6304, Chrome_ChildThread] WARNING: pipe error: 109: file z:/task_1559931766/build/src/ipc/chromium/src/chrome/common/ipc_channel_win.cc, line 341
[Chil1560602454634	Marionette	INFO	Stopped listening on port 53045
1560602595941	mozrunner::runner	INFO	Running command: "C:\\Program Files\\Mozilla Firefox\\firefox.exe" "-marionette" "-foreground" "-no-remote" "-profile" "C:\\Users\\123\\AppData\\Local\\Temp\\rust_mozprofile.7gUcQLxELTVo"
1560602598276	addons.webextension.screenshots@mozilla.org	WARN	Loading extension 'screenshots@mozilla.org': Reading manifest: Invalid extension permission: mozillaAddons
1560602598277	addons.webextension.screenshots@mozilla.org	WARN	Loading extension 'screenshots@mozilla.org': Reading manifest: Invalid extension permission: resource://pdf.js/
1560602598277	addons.webextension.screenshots@mozilla.org	WARN	Loading extension 'screenshots@mozilla.org': Reading manifest: Invalid extension permission: about:reader*
1560602602616	Marionette	INFO	Listening on port 53414
1560602602641	Marionette	WARN	TLS certificate errors will be ignored for this session
JavaScript error: chrome://browser/content/browser-customization.js, line 167: NS_ERROR_NOT_INITIALIZED: 
[Parent 2480, Gecko_IOThread] WARNING: pipe error: 109: file z:/task_1559931766/build/src/ipc/chromium/src/chrome/common/ipc_channel_win.cc, line 341
[Parent 2480, Gecko_IOThread] WARNING: pipe error: 109: file z:/task_1559931766/build/src/ipc/chromium/src/chrome/common/ipc_channel_win.cc, line 341
[Child 3856, Chrome_ChildThread] WARNING: pipe error: 109: file z:/task_1559931766/build/src/ipc/chromium/src/chrome/common/ipc_channel_win.cc, line 341

###!!! [Child][MessageChannel] Error: (msgtype=0x530005,name=PHttpChannel::Msg_Cancel) Closed channel: cannot send/recv


###!!! [Child][MessageChannel] Error: (msgtype=0x530005,name=PHttpChannel::Msg_Cancel) Closed channel: cannot send/recv

[Child 7788, Chrome_ChildThread] WARNING: pipe error: 109: file z:/task_1559931766/build/src/ipc/chromium/src/chrome/common/ipc_channel_win.cc, line 341
[Parent 2480, Gecko_IOThread] WARNING: pipe error: 109: file z:/task_1559931766/build/src/ipc/chromium/src/chrome/common/ipc_channel_win.cc, line 341
[Child 3508, Chrome_ChildThread] WARNING: pipe error: 109: file z:/task_1559931766/build/src/ipc/chromium/src/chrome/common/ipc_channel_win.cc, line 341
[Child 351560602633262	Marionette	INFO	Stopped listening on port 53414
1560787581296	mozrunner::runner	INFO	Running command: "C:\\Program Files\\Firefox Developer Edition\\firefox.exe" "-marionette" "-foreground" "-no-remote" "-profile" "C:\\Users\\123\\AppData\\Local\\Temp\\rust_mozprofile.8rJzgMowuGUA"
1560787588950	addons.webextension.screenshots@mozilla.org	WARN	Loading extension 'screenshots@mozilla.org': Reading manifest: Invalid extension permission: mozillaAddons
1560787588950	addons.webextension.screenshots@mozilla.org	WARN	Loading extension 'screenshots@mozilla.org': Reading manifest: Invalid extension permission: telemetry
1560787588951	addons.webextension.screenshots@mozilla.org	WARN	Loading extension 'screenshots@mozilla.org': Reading manifest: Invalid extension permission: resource://pdf.js/
1560787588951	addons.webextension.screenshots@mozilla.org	WARN	Loading extension 'screenshots@mozilla.org': Reading manifest: Invalid extension permission: about:reader*
[Child 4732, Chrome_ChildThread] WARNING: pipe error: 109: file z:/task_1560433262/build/src/ipc/chromium/src/chrome/common/ipc_channel_win.cc, line 341
[Child 471560787611911	Marionette	INFO	Listening on port 53435
1560787613611	Marionette	WARN	TLS certificate errors will be ignored for this session
console.error: BroadcastService: 
  receivedBroadcastMessage: handler for
  remote-settings/monitor_changes
  threw error:
  Message: Error: Polling for changes failed: http://%(server)s/dummy/blocklist//buckets/monitor/collections/changes/records?_expected=%221560618350307%22 is not a valid URL..
  Stack:
    remoteSettingsFunction/remoteSettings.pollChanges@resource://services-settings/remote-settings.js:201:13

[Parent 4648, Gecko_IOThread] WARNING: pipe error: 109: file z:/task_1560433262/build/src/ipc/chromium/src/chrome/common/ipc_channel_win.cc, line 341
[Child 7296, Chrome_ChildThread] WARNING: pipe error: 109: file z:/task_1560433262/build/src/ipc/chromium/src/chrome/common/ipc_channel_win.cc, line 341
IPDL protocol error: Handler returned error code!

###!!! [Parent][DispatchAsyncMessage] Error: PLayerTransaction::Msg_ReleaseLayer Processing error: message was deserialized, but the handler returned false (indicating failure)

IPDL protocol error: Handler returned error code!

###!!! [Parent][DispatchAsyncMessage] Error: PLayerTransaction::Msg_ReleaseLayer Processing error: message was deserialized, but the handler returned false (indicating failure)

1560787666866	Marionette	INFO	Stopped listening on port 53435
1560788044482	mozrunner::runner	INFO	Running command: "C:\\Program Files\\Firefox Developer Edition\\firefox.exe" "-marionette" "-foreground" "-no-remote" "-profile" "C:\\Users\\123\\AppData\\Local\\Temp\\rust_mozprofile.LcZ1de8ApzWi"
1560788049761	addons.webextension.screenshots@mozilla.org	WARN	Loading extension 'screenshots@mozilla.org': Reading manifest: Invalid extension permission: mozillaAddons
1560788049761	addons.webextension.screenshots@mozilla.org	WARN	Loading extension 'screenshots@mozilla.org': Reading manifest: Invalid extension permission: telemetry
1560788049762	addons.webextension.screenshots@mozilla.org	WARN	Loading extension 'screenshots@mozilla.org': Reading manifest: Invalid extension permission: resource://pdf.js/
1560788049762	addons.webextension.screenshots@mozilla.org	WARN	Loading extension 'screenshots@mozilla.org': Reading manifest: Invalid extension permission: about:reader*
1560788060453	Marionette	INFO	Listening on port 53917
1560788060768	Marionette	WARN	TLS certificate errors will be ignored for this session
console.error: BroadcastService: 
  receivedBroadcastMessage: handler for
  remote-settings/monitor_changes
  threw error:
  Message: Error: Polling for changes failed: http://%(server)s/dummy/blocklist//buckets/monitor/collections/changes/records?_expected=%221560618350307%22 is not a valid URL..
  Stack:
    remoteSettingsFunction/remoteSettings.pollChanges@resource://services-settings/remote-settings.js:201:13

[Parent 4792, Gecko_IOThread] WARNING: pipe error: 109: file z:/task_1560433262/build/src/ipc/chromium/src/chrome/common/ipc_channel_win.cc, line 341
[Parent 4792, Gecko_IOThread] WARNING: pipe error: 109: file z:/task_1560433262/build/src/ipc/chromium/src/chrome/common/ipc_channel_win.cc, line 341
IPDL protocol error: Handler returned error code!

###!!! [Parent][DispatchAsyncMessage] Error: PLayerTransaction::Msg_ReleaseLayer Processing error: message was deserialized, but the handler returned false (indicating failure)

IPDL protocol error: Handler returned error code!

###!!! [Parent][DispatchAsyncMessage] Error: PLayerTransaction::Msg_ReleaseLayer Processing error: message was deserialized, but the handler returned false (indicating failure)

IPDL protocol error: Handler returned error code!

###!!! [Parent][DispatchAsyncMessage] Error: PLayerTransaction::Msg_ReleaseLayer Processing error: message was deserialized, but the handler returned false (indicating failure)

IPDL protocol error: Handler returned error code!

###!!! [Parent][DispatchAsyncMessage] Error: PLayerTransaction::Msg_ReleaseLayer Processing error: message was deserialized, but the handler returned false (indicating failure)


###!!! [Child][RunMessage] Error: Channel closing: too late to send/recv, messages will be lost


###!!! [Child][RunMessage] Error: Channel closing: too late to send/recv, messages will be lost


###!!! [Child][RunMessage] Error: Channel closing: too late to send/recv, messages will be lost


###!!! [Child][RunMessage] Error: Channel closing: too late to send/recv, messages will be lost


###!!! [Child][RunMessage] Error: Channel closing: too late to send/recv, messages will be lost


###!!! [Child][RunMessage] Error: Channel closing: too late to send/recv, messages will be lost


###!!! [Child][RunMessage] Error: Channel closing: too late to send/recv, messages will be lost


###!!! [Child][RunMessage] Error: Channel closing: too late to send/recv, messages will be lost


###!!! [Child][RunMessage] Error: Channel closing: too late to send/recv, messages will be lost


###!!! [Child][RunMessage] Error: Channel closing: too late to send/recv, messages will be lost


###!!! [Child][RunMessage] Error: Channel closing: too late to send/recv, messages will be lost


###!!! [Child][RunMessage] Error: Channel closing: too late to send/recv, messages will be lost


###!!! [Child][RunMessage] Error: Channel closing: too late to send/recv, messages will be lost


###!!! [Child][RunMessage] Error: Channel closing: too late to send/recv, messages will be lost


###!!! [Child][RunMessage] Error: Channel closing: too late to send/recv, messages will be lost


###!!! [Child][RunMessage] Error: Channel closing: too late to send/recv, messages will be lost


###!!! [Child][RunMessage] Error: Channel closing: too late to send/recv, messages will be lost


###!!! [Child][RunMessage] Error: Channel closing: too late to send/recv, messages will be lost


###!!! [Child][RunMessage] Error: Channel closing: too late to send/recv, messages will be lost


###!!! [Child][RunMessage] Error: Channel closing: too late to send/recv, messages will be lost


###!!! [Child][RunMessage] Error: Channel closing: too late to send/recv, messages will be lost


###!!! [Child][RunMessage] Error: Channel closing: too late to send/recv, messages will be lost


###!!! [Child][RunMessage] Error: Channel closing: too late to send/recv, messages will be lost


###!!! [Child][MessageChannel] Error: (msgtype=0x530005,name=PHttpChannel::Msg_Cancel) Closed channel: cannot send/recv


###!!! [Child][MessageChannel] Error: (msgtype=0x530005,name=PHttpChannel::Msg_Cancel) Closed channel: cannot send/recv

[Child 4996, Chrome_ChildThread] WARNING: pipe error: 109: file z:/task_1560433262/build/src/ipc/chromium/src/chrome/common/ipc_channel_win.cc, line 341
[Chil[Parent 4792, Gecko_IOThread] WARNING: pipe error: 109: file z:/task_1560433262/build/src/ipc/chromium/src/chrome/common/ipc_channel_win.cc, line 341
[Child 7616, Chrome_ChildThread] WARNING: pipe error: 109: file z:/task_1560433262/build/src/ipc/chromium/src/chrome/common/ipc_channel_win.cc, line 341
[Child 7616, Chrome_ChildThread] WARNING: pipe error: 109: file z:/task_1560433262/build/src/ipc/chromium/src/chrome/common/ipc_channel_win.cc, line 341
1560788096553	Marionette	INFO	Stopped listening on port 53917
1560788117360	mozrunner::runner	INFO	Running command: "C:\\Program Files\\Firefox Developer Edition\\firefox.exe" "-marionette" "-foreground" "-no-remote" "-profile" "C:\\Users\\123\\AppData\\Local\\Temp\\rust_mozprofile.MEnr4NRo0KBZ"
1560788122436	addons.webextension.screenshots@mozilla.org	WARN	Loading extension 'screenshots@mozilla.org': Reading manifest: Invalid extension permission: mozillaAddons
1560788122436	addons.webextension.screenshots@mozilla.org	WARN	Loading extension 'screenshots@mozilla.org': Reading manifest: Invalid extension permission: telemetry
1560788122437	addons.webextension.screenshots@mozilla.org	WARN	Loading extension 'screenshots@mozilla.org': Reading manifest: Invalid extension permission: resource://pdf.js/
1560788122437	addons.webextension.screenshots@mozilla.org	WARN	Loading extension 'screenshots@mozilla.org': Reading manifest: Invalid extension permission: about:reader*
1560788128259	Marionette	INFO	Listening on port 54047
1560788128632	Marionette	WARN	TLS certificate errors will be ignored for this session
console.error: BroadcastService: 
  receivedBroadcastMessage: handler for
  remote-settings/monitor_changes
  threw error:
  Message: Error: Polling for changes failed: http://%(server)s/dummy/blocklist//buckets/monitor/collections/changes/records?_expected=%221560618350307%22 is not a valid URL..
  Stack:
    remoteSettingsFunction/remoteSettings.pollChanges@resource://services-settings/remote-settings.js:201:13

[Parent 7996, Gecko_IOThread] WARNING: pipe error: 109: file z:/task_1560433262/build/src/ipc/chromium/src/chrome/common/ipc_channel_win.cc, line 341
[Child 6820, Chrome_ChildThread] WARNING: pipe error: 109: file z:/task_1560433262/build/src/ipc/chromium/src/chrome/common/ipc_channel_win.cc, line 341
[Child 6820, Chrome_ChildThread] WARNING: pipe error: 109: file z:/task_1560433262/build/src/ipc/chromium/src/chrome/common/ipc_channel_win.cc, line 341
[Child 3372, Chrome_ChildThread] WARNING: pipe error: 109: file z:/task_1560433262/build/src/ipc/chromium/src/chrome/common/ipc_channel_win.cc, line 341
[Child 3372, Chrome_ChildThread] WARNING: pipe error: 109: file z:/task_1560433262/build/src/ipc/chromium/src/chrome/common/ipc_channel_win.cc, line 341
[Parent 7996, Gecko_IOThread] WARNING: pipe error: 109: file z:/task_1560433262/build/src/ipc/chromium/src/chrome/common/ipc_channel_win.cc, line 341
[Child 1632, Chrome_ChildThread] WARNING: pipe error: 109: file z:/task_1560433262/build/src/ipc/chromium/src/chrome/common/ipc_channel_win.cc, line 341
[Child 1632, Chrome_ChildThread] WARNING: pipe error: 109: file z:/task_1560433262/build/src/ipc/chromium/src/chrome/common/ipc_channel_win.cc, line 341
[Child 3860, Chrome_ChildThread] WARNING: pipe error: 109: file z:/task_1560433262/build/src/ipc/chromium/src/chrome/common/ipc_channel_win.cc, line 341
[Child 3860, Chrome_ChildThread] WARNING: pipe error: 109: file z:/task_1560433262/build/src/ipc/chromium/src/chrome/common/ipc_channel_win.cc, line 341
[Parent 7996, Gecko_IOThread] WARNING: file z:/task_1560433262/build/src/ipc/chromium/src/base/process_util_win.cc, line 160
[Parent 7996, Gecko_IOThread] WARNING: pipe error: 109: file z:/task_1560433262/build/src/ipc/chromium/src/chrome/common/ipc_channel_win.cc, line 341
1560788781439	Marionette	INFO	Stopped listening on port 54047
1560788799491	mozrunner::runner	INFO	Running command: "C:\\Program Files\\Firefox Developer Edition\\firefox.exe" "-marionette" "-foreground" "-no-remote" "-profile" "C:\\Users\\123\\AppData\\Local\\Temp\\rust_mozprofile.aM7yqgpTtfsB"
1560788804167	addons.webextension.screenshots@mozilla.org	WARN	Loading extension 'screenshots@mozilla.org': Reading manifest: Invalid extension permission: mozillaAddons
1560788804167	addons.webextension.screenshots@mozilla.org	WARN	Loading extension 'screenshots@mozilla.org': Reading manifest: Invalid extension permission: telemetry
1560788804168	addons.webextension.screenshots@mozilla.org	WARN	Loading extension 'screenshots@mozilla.org': Reading manifest: Invalid extension permission: resource://pdf.js/
1560788804168	addons.webextension.screenshots@mozilla.org	WARN	Loading extension 'screenshots@mozilla.org': Reading manifest: Invalid extension permission: about:reader*
1560788812150	Marionette	INFO	Listening on port 54676
1560788812619	Marionette	WARN	TLS certificate errors will be ignored for this session
console.error: BroadcastService: 
  receivedBroadcastMessage: handler for
  remote-settings/monitor_changes
  threw error:
  Message: Error: Polling for changes failed: http://%(server)s/dummy/blocklist//buckets/monitor/collections/changes/records?_expected=%221560618350307%22 is not a valid URL..
  Stack:
    remoteSettingsFunction/remoteSettings.pollChanges@resource://services-settings/remote-settings.js:201:13

[Parent 7652, Gecko_IOThread] WARNING: pipe error: 109: file z:/task_1560433262/build/src/ipc/chromium/src/chrome/common/ipc_channel_win.cc, line 341
[Child 5528, Chrome_ChildThread] WARNING: pipe error: 109: file z:/task_1560433262/build/src/ipc/chromium/src/chrome/common/ipc_channel_win.cc, line 341
[Child 1780, Chrome_ChildThread] WARNING: pipe error: 109: file z:/task_1560433262/build/src/ipc/chromium/src/chrome/common/ipc_channel_win.cc, line 341
[Child 1780, Chrome_ChildThread] WARNING: pipe error: 109: file z:/task_1560433262/build/src/ipc/chromium/src/chrome/common/ipc_channel_win.cc, line 341

###!!! [Child][MessageChannel] Error: (msgtype=0x530005,name=PHttpChannel::Msg_Cancel) Closed channel: cannot send/recv


###!!! [Child][MessageChannel] Error: (msgtype=0x530005,name=PHttpChannel::Msg_Cancel) Closed channel: cannot send/recv

[Parent 7652, Gecko_IOThread] WARNING: pipe error: 109: file z:/task_1560433262/build/src/ipc/chromium/src/chrome/common/ipc_channel_win.cc, line 341
[Child 6472, Chrome_ChildThread] WARNING: pipe error: 109: file z:/task_1560433262/build/src/ipc/chromium/src/chrome/common/ipc_channel_win.cc, line 341
[Child 6472, Chrome_ChildThread] WARNING: pipe error: 109: file z:/task_1560433262/build/src/ipc/chromium/src/chrome/common/ipc_channel_win.cc, line 341
1560788916513	Marionette	INFO	Stopped listening on port 54676
1560788931090	mozrunner::runner	INFO	Running command: "C:\\Program Files\\Firefox Developer Edition\\firefox.exe" "-marionette" "-foreground" "-no-remote" "-profile" "C:\\Users\\123\\AppData\\Local\\Temp\\rust_mozprofile.RH59ZqKFTVUj"
1560788932733	addons.webextension.screenshots@mozilla.org	WARN	Loading extension 'screenshots@mozilla.org': Reading manifest: Invalid extension permission: mozillaAddons
1560788932734	addons.webextension.screenshots@mozilla.org	WARN	Loading extension 'screenshots@mozilla.org': Reading manifest: Invalid extension permission: telemetry
1560788932734	addons.webextension.screenshots@mozilla.org	WARN	Loading extension 'screenshots@mozilla.org': Reading manifest: Invalid extension permission: resource://pdf.js/
1560788932734	addons.webextension.screenshots@mozilla.org	WARN	Loading extension 'screenshots@mozilla.org': Reading manifest: Invalid extension permission: about:reader*
1560788942082	Marionette	INFO	Listening on port 54845
1560788942829	Marionette	WARN	TLS certificate errors will be ignored for this session
1560788951633	Marionette	INFO	Stopped listening on port 54845
[Parent 4720, Gecko_IOThread] WARNING: pipe error: 109: file z:/task_1560433262/build/src/ipc/chromium/src/chrome/common/ipc_channel_win.cc, line 341
[Child 6588, Chrome_ChildThread] WARNING: pipe error: 109: file z:/task_1560433262/build/src/ipc/chromium/src/chrome/common/ipc_channel_win.cc, line 341
[Child [Child 460, Chrome_ChildThread] WARNING: pipe error: 109: file z:/task_1560433262/build/src/ipc/chromium/src/chrome/common/ipc_channel_win.cc, line 341
[Child 460, Chrome[Parent 4720, Gecko_IOThread] WARNING: pipe error: 109: file z:/task_1560433262/build/src/ipc/chromium/src/chrome/common/ipc_channel_win.cc, line 341
[Child 1172, Chrome_ChildThread] WARNING: pipe error: 109: file z:/task_1560433262/build/src/ipc/chromium/src/chrome/common/ipc_channel_win.cc, line 341
1560789002208	mozrunner::runner	INFO	Running command: "C:\\Program Files\\Firefox Developer Edition\\firefox.exe" "-marionette" "-foreground" "-no-remote" "-profile" "C:\\Users\\123\\AppData\\Local\\Temp\\rust_mozprofile.FNAsBLnj31bi"
1560789005560	addons.webextension.screenshots@mozilla.org	WARN	Loading extension 'screenshots@mozilla.org': Reading manifest: Invalid extension permission: mozillaAddons
1560789005560	addons.webextension.screenshots@mozilla.org	WARN	Loading extension 'screenshots@mozilla.org': Reading manifest: Invalid extension permission: telemetry
1560789005561	addons.webextension.screenshots@mozilla.org	WARN	Loading extension 'screenshots@mozilla.org': Reading manifest: Invalid extension permission: resource://pdf.js/
1560789005561	addons.webextension.screenshots@mozilla.org	WARN	Loading extension 'screenshots@mozilla.org': Reading manifest: Invalid extension permission: about:reader*
1560789010832	Marionette	INFO	Listening on port 54959
1560789011054	Marionette	WARN	TLS certificate errors will be ignored for this session
1560789020327	Marionette	INFO	Stopped listening on port 54959
[Child 3364, Chrome_ChildThread] WARNING: pipe error: 109: file z:/task_1560433262/build/src/ipc/chromium/src/chrome/common/ipc_channel_win.cc, line 341
[Child 3364[Parent 6748, Gecko_IOThread] WARNING: pipe error: 109: file z:/task_1560433262/build/src/ipc/chromium/src/chrome/common/ipc_channel_win.cc, line 341
1560789625181	mozrunner::runner	INFO	Running command: "C:\\Program Files\\Firefox Developer Edition\\firefox.exe" "-marionette" "-foreground" "-no-remote" "-profile" "C:\\Users\\123\\AppData\\Local\\Temp\\rust_mozprofile.kdMT1dFurxLy"
1560789633480	addons.webextension.screenshots@mozilla.org	WARN	Loading extension 'screenshots@mozilla.org': Reading manifest: Invalid extension permission: mozillaAddons
1560789633480	addons.webextension.screenshots@mozilla.org	WARN	Loading extension 'screenshots@mozilla.org': Reading manifest: Invalid extension permission: telemetry
1560789633481	addons.webextension.screenshots@mozilla.org	WARN	Loading extension 'screenshots@mozilla.org': Reading manifest: Invalid extension permission: resource://pdf.js/
1560789633481	addons.webextension.screenshots@mozilla.org	WARN	Loading extension 'screenshots@mozilla.org': Reading manifest: Invalid extension permission: about:reader*
[Child 2916, Chrome_ChildThread] WARNING: pipe error: 109: file z:/task_1560433262/build/src/ipc/chromium/src/chrome/common/ipc_channel_win.cc, line 341
[Child 2916, Chrome_ChildThread] WARNING: pipe error: 109: file z:/task_1560433262/build/src/ipc/chromium/src/chrome/common/ipc_channel_win.cc, line 341
[Parent 4620, Gecko_IOThread] WARNING: file z:/task_1560433262/build/src/ipc/chromium/src/base/process_util_win.cc, line 160
1560789676665	Marionette	INFO	Listening on port 55563
1560789677502	Marionette	WARN	TLS certificate errors will be ignored for this session
console.error: BroadcastService: 
  receivedBroadcastMessage: handler for
  remote-settings/monitor_changes
  threw error:
  Message: Error: Polling for changes failed: http://%(server)s/dummy/blocklist//buckets/monitor/collections/changes/records?_expected=%221560618350307%22 is not a valid URL..
  Stack:
    remoteSettingsFunction/remoteSettings.pollChanges@resource://services-settings/remote-settings.js:201:13

[Parent 4620, Gecko_IOThread] WARNING: pipe error: 109: file z:/task_1560433262/build/src/ipc/chromium/src/chrome/common/ipc_channel_win.cc, line 341
[Parent 4620, Gecko_IOThread] WARNING: pipe error: 109: file z:/task_1560433262/build/src/ipc/chromium/src/chrome/common/ipc_channel_win.cc, line 341

###!!! [Parent][MessageChannel] Error: (msgtype=0x530014,name=PHttpChannel::Msg_OnStartRequest) Channel error: cannot send/recv


###!!! [Parent][MessageChannel] Error: (msgtype=0x530014,name=PHttpChannel::Msg_OnStartRequest) Channel error: cannot send/recv

A content process crashed and MOZ_CRASHREPORTER_SHUTDOWN is set, shutting down
[Parent 4620, Gecko_IOThread] WARNING: pipe error: 109: file z:/task_1560433262/build/src/ipc/chromium/src/chrome/common/ipc_channel_win.cc, line 341
[Child 2572, Chrome_ChildThread] WARNING: pipe error: 109: file z:/task_1560433262/build/src/ipc/chromium/src/chrome/common/ipc_channel_win.cc, line 341
1560790050037	Marionette	INFO	Stopped listening on port 55563
manifest: Invalid extension permission: about:reader*
[Parent 6520, Gecko_IOThread] WARNING: file z:/task_1560433262/build/src/ipc/chromium/src/base/process_util_win.cc, line 160
1560789994277	Marionette	INFO	Listening on port 55825
[Child 1320, Chrome_ChildThread] WARNING: pipe error: 109: file z:/task_1560433262/build/src/ipc/chromium/src/chrome/common/ipc_channel_win.cc, line 341
[Parent 6520, Gecko_IOThread] WARNING: pipe error: 109: file z:/task_1560433262/build/src/ipc/chromium/src/chrome/common/ipc_channel_win.cc, line 341
[Child 1080, Chrome_ChildThread] WARNING: pipe error: 109: file z:/task_1560433262/build/src/ipc/chromium/src/chrome/common/ipc_channel_win.cc, line 341
[Parent 6520, Gecko_IOThread] WARNING: pipe error: 109: file z:/task_1560433262/build/src/ipc/chromium/src/chrome/common/ipc_channel_win.cc, line 341
[1560790020124	Marionette	INFO	Stopped listening on port 55825
JavaScript error: resource:///modules/sessionstore/SessionStore.jsm, line 4638: NS_ERROR_UNEXPECTED: Component returned failure code: 0x8000ffff (NS_ERROR_UNEXPECTED) [nsIWindowMediator.getEnumerator]
1560790165228	mozrunner::runner	INFO	Running command: "C:\\Program Files\\Firefox Developer Edition\\firefox.exe" "-marionette" "-foreground" "-no-remote" "-profile" "C:\\Users\\123\\AppData\\Local\\Temp\\rust_mozprofile.JQj1HgGUudo9"
1560790170025	addons.webextension.screenshots@mozilla.org	WARN	Loading extension 'screenshots@mozilla.org': Reading manifest: Invalid extension permission: mozillaAddons
1560790170025	addons.webextension.screenshots@mozilla.org	WARN	Loading extension 'screenshots@mozilla.org': Reading manifest: Invalid extension permission: telemetry
1560790170026	addons.webextension.screenshots@mozilla.org	WARN	Loading extension 'screenshots@mozilla.org': Reading manifest: Invalid extension permission: resource://pdf.js/
1560790170026	addons.webextension.screenshots@mozilla.org	WARN	Loading extension 'screenshots@mozilla.org': Reading manifest: Invalid extension permission: about:reader*
1560790175360	Marionette	INFO	Listening on port 56110
1560790175958	Marionette	WARN	TLS certificate errors will be ignored for this session
console.error: BroadcastService: 
  receivedBroadcastMessage: handler for
  remote-settings/monitor_changes
  threw error:
  Message: Error: Polling for changes failed: http://%(server)s/dummy/blocklist//buckets/monitor/collections/changes/records?_expected=%221560618350307%22 is not a valid URL..
  Stack:
    remoteSettingsFunction/remoteSettings.pollChanges@resource://services-settings/remote-settings.js:201:13

[Parent 6904, Gecko_IOThread] WARNING: pipe error: 109: file z:/task_1560433262/build/src/ipc/chromium/src/chrome/common/ipc_channel_win.cc, line 341
[Child 5116, Chrome_ChildThread] WARNING: pipe error: 109: file z:/task_1560433262/build/src/ipc/chromium/src/chrome/common/ipc_channel_win.cc, line 341
[Child IPDL protocol error: Handler returned error code!

###!!! [Parent][DispatchAsyncMessage] Error: PLayerTransaction::Msg_ReleaseLayer Processing error: message was deserialized, but the handler returned false (indicating failure)

IPDL protocol error: Handler returned error code!

###!!! [Parent][DispatchAsyncMessage] Error: PLayerTransaction::Msg_ReleaseLayer Processing error: message was deserialized, but the handler returned false (indicating failure)

IPDL protocol error: Handler returned error code!

###!!! [Parent][DispatchAsyncMessage] Error: PLayerTransaction::Msg_ReleaseLayer Processing error: message was deserialized, but the handler returned false (indicating failure)

[Parent 6904, Gecko_IOThread] WARNING: pipe error: 109: file z:/task_1560433262/build/src/ipc/chromium/src/chrome/common/ipc_channel_win.cc, line 341
[Child 1140, Chrome_ChildThread] WARNING: pipe error: 109: file z:/task_1560433262/build/src/ipc/chromium/src/chrome/common/ipc_channel_win.cc, line 341
[C[hPialrent 6904, dGecko_IOThread] WARNING: pipe error: 109: file z:/task_1560433262/build/src/ipc/chromium/src/chrome/common/ipc_channel_win.cc, line 341
[Child 644, Chrome_ChildThread] WARNING: pipe error: 109: file z:/task_1560433262/build/src/ipc/chromium/src/chrome/common/ipc_channel_win.cc, line 341
[Child 644, Chrome_ChildThread] WARNING: pipe error: 109: file z:/task_1560433262/build/src/ipc/chromium/src/chrome/common/ipc_channel_win.cc1560790222410	Marionette	INFO	Stopped listening on port 56110
1560790229223	mozrunner::runner	INFO	Running command: "C:\\Program Files\\Firefox Developer Edition\\firefox.exe" "-marionette" "-foreground" "-no-remote" "-profile" "C:\\Users\\123\\AppData\\Local\\Temp\\rust_mozprofile.YyIcTATLgsJv"
1560790232607	addons.webextension.screenshots@mozilla.org	WARN	Loading extension 'screenshots@mozilla.org': Reading manifest: Invalid extension permission: mozillaAddons
1560790232608	addons.webextension.screenshots@mozilla.org	WARN	Loading extension 'screenshots@mozilla.org': Reading manifest: Invalid extension permission: telemetry
1560790232608	addons.webextension.screenshots@mozilla.org	WARN	Loading extension 'screenshots@mozilla.org': Reading manifest: Invalid extension permission: resource://pdf.js/
1560790232608	addons.webextension.screenshots@mozilla.org	WARN	Loading extension 'screenshots@mozilla.org': Reading manifest: Invalid extension permission: about:reader*
1560790237272	Marionette	INFO	Listening on port 56236
1560790237484	Marionette	WARN	TLS certificate errors will be ignored for this session
IPDL protocol error: Handler returned error code!

###!!! [Parent][DispatchAsyncMessage] Error: PLayerTransaction::Msg_ReleaseLayer Processing error: message was deserialized, but the handler returned false (indicating failure)

IPDL protocol error: Handler returned error code!

###!!! [Parent][DispatchAsyncMessage] Error: PLayerTransaction::Msg_ReleaseLayer Processing error: message was deserialized, but the handler returned false (indicating failure)

IPDL protocol error: Handler returned error code!

###!!! [Parent][DispatchAsyncMessage] Error: PLayerTransaction::Msg_ReleaseLayer Processing error: message was deserialized, but the handler returned false (indicating failure)

IPDL protocol error: Handler returned error code!

###!!! [Parent][DispatchAsyncMessage] Error: PLayerTransaction::Msg_ReleaseLayer Processing error: message was deserialized, but the handler returned false (indicating failure)

IPDL protocol error: Handler returned error code!

###!!! [Parent][DispatchAsyncMessage] Error: PLayerTransaction::Msg_ReleaseLayer Processing error: message was deserialized, but the handler returned false (indicating failure)

IPDL protocol error: Handler returned error code!

###!!! [Parent][DispatchAsyncMessage] Error: PLayerTransaction::Msg_ReleaseLayer Processing error: message was deserialized, but the handler returned false (indicating failure)

IPDL protocol error: Handler returned error code!

###!!! [Parent][DispatchAsyncMessage] Error: PLayerTransaction::Msg_ReleaseLayer Processing error: message was deserialized, but the handler returned false (indicating failure)

IPDL protocol error: Handler returned error code!

###!!! [Parent][DispatchAsyncMessage] Error: PLayerTransaction::Msg_ReleaseLayer Processing error: message was deserialized, but the handler returned false (indicating failure)

[Child 7540, Chrome_ChildThread] WARNING: pipe error: 109: file z:/task_1560433262/build/src/ipc/chromium/src/chrome/common/ipc_channel_win.cc, line 341

###!!! [Child][MessageChannel] Error: (msgtype=0x530005,name=PHttpChannel::Msg_Cancel) Closed channel: cannot send/recv

[Child 7540, Chrome_ChildT[Child 7444, Chrome_ChildThread] WARNING: pipe error: 109: file z:/task_1560433262/build/src/ipc/chromium/src/chrome/common/ipc_channel_win.cc, line 341
[Child 7444, Chrome_ChildThread] WARNING: pipe error: 109: file z:/task_1560433262/build/src/ipc/chromium/src/chrome/common/ipc_channel_win.cc, line 341
[Child 4492, Chrome_ChildThread] WARNING: pipe error: 109: file z:/task_1560433262/build/src/ipc/chromium/src/chrome/common/ipc_channel_win.cc, line 341
[Child 4491560790274149	Marionette	INFO	Stopped listening on port 56236
1560790285145	mozrunner::runner	INFO	Running command: "C:\\Program Files\\Firefox Developer Edition\\firefox.exe" "-marionette" "-foreground" "-no-remote" "-profile" "C:\\Users\\123\\AppData\\Local\\Temp\\rust_mozprofile.5NTxuv0iNgs8"
1560790288935	addons.webextension.screenshots@mozilla.org	WARN	Loading extension 'screenshots@mozilla.org': Reading manifest: Invalid extension permission: mozillaAddons
1560790288935	addons.webextension.screenshots@mozilla.org	WARN	Loading extension 'screenshots@mozilla.org': Reading manifest: Invalid extension permission: telemetry
1560790288936	addons.webextension.screenshots@mozilla.org	WARN	Loading extension 'screenshots@mozilla.org': Reading manifest: Invalid extension permission: resource://pdf.js/
1560790288936	addons.webextension.screenshots@mozilla.org	WARN	Loading extension 'screenshots@mozilla.org': Reading manifest: Invalid extension permission: about:reader*
1560790293981	Marionette	INFO	Listening on port 56358
1560790294070	Marionette	WARN	TLS certificate errors will be ignored for this session
[Child 7212, Chrome_ChildThread] WARNING: pipe error: 109: file z:/task_1560433262/build/src/ipc/chromium/src/chrome/common/ipc_channel_win.cc, line 341
[Child 7212, Chrome_ChildThread] WARNING: pipe error: 109: file z:/task_1560433262/build/src/ipc/chromium/src/chrome/common/ipc_channel_win.cc, line 341
IPDL protocol error: Handler returned error code!

###!!! [Parent][DispatchAsyncMessage] Error: PLayerTransaction::Msg_ReleaseLayer Processing error: message was deserialized, but the handler returned false (indicating failure)

IPDL protocol error: Handler returned error code!

###!!! [Parent][DispatchAsyncMessage] Error: PLayerTransaction::Msg_ReleaseLayer Processing error: message was deserialized, but the handler returned false (indicating failure)

[Child 2152, Chrome_ChildThread] WARNING: pipe error: 109: file z:/task_1560433262/build/src/ipc/chromium/src/chrome/c[Parent 5944, Gecko_IOThread] WARNING: pipe error: 109: file z:/task_1560433262/build/src/ipc/chromium/src/chrome/common/ipc_channel_win.cc, line 341
[Child 6624, Chrome_ChildThread] WARNING: pipe error: 109: file z:/task_1560433262/build/src/ipc/chromium/src/chrome/common/ipc_channel_win.cc, line 341
[Child 6624, Chrome_ChildThread] WARNING: pipe error: 109: file z:/task_1560433262/build/src/ipc/chromium/src/chrome/common/ipc_channel_win.cc, line 341
1560790379639	Marionette	INFO	Stopped listening on port 56358
1560790617701	mozrunner::runner	INFO	Running command: "C:\\Program Files\\Firefox Developer Edition\\firefox.exe" "-marionette" "-foreground" "-no-remote" "-profile" "C:\\Users\\123\\AppData\\Local\\Temp\\rust_mozprofile.Peie9UfEHfYV"
1560790620524	addons.webextension.screenshots@mozilla.org	WARN	Loading extension 'screenshots@mozilla.org': Reading manifest: Invalid extension permission: mozillaAddons
1560790620524	addons.webextension.screenshots@mozilla.org	WARN	Loading extension 'screenshots@mozilla.org': Reading manifest: Invalid extension permission: telemetry
1560790620525	addons.webextension.screenshots@mozilla.org	WARN	Loading extension 'screenshots@mozilla.org': Reading manifest: Invalid extension permission: resource://pdf.js/
1560790620525	addons.webextension.screenshots@mozilla.org	WARN	Loading extension 'screenshots@mozilla.org': Reading manifest: Invalid extension permission: about:reader*
1560790626232	Marionette	INFO	Listening on port 56761
1560790626730	Marionette	WARN	TLS certificate errors will be ignored for this session

###!!! [Parent][DispatchAsyncMessage] Error: PClientSourceOp::Msg___delete__ Route error: message sent to unknown actor ID

console.error: BroadcastService: 
  receivedBroadcastMessage: handler for
  remote-settings/monitor_changes
  threw error:
  Message: Error: Polling for changes failed: http://%(server)s/dummy/blocklist//buckets/monitor/collections/changes/records?_expected=%221560618350307%22 is not a valid URL..
  Stack:
    remoteSettingsFunction/remoteSettings.pollChanges@resource://services-settings/remote-settings.js:201:13

JavaScript error: resource://gre/modules/PushServiceWebSocket.jsm, line 310: NS_ERROR_NOT_CONNECTED: Component returned failure code: 0x804b000c (NS_ERROR_NOT_CONNECTED) [nsIWebSocketChannel.sendMsg]
[Parent 8128, Gecko_IOThread] WARNING: pipe error: 109: file z:/task_1560433262/build/src/ipc/chromium/src/chrome/common/ipc_channel_win.cc, line 341

###!!! [Child][RunMessage] Error: Channel closing: too late to send/recv, messages will be lost

[Child 7936, Chrome_ChildThread] WARNING: pipe error: 109: file z:/task_1560433262/build/src/ipc/chromium/src/chrome/common/ipc_channel_win.cc, line 341
[Child 7936, Chrome_ChildThread] WARNING: pipe error: 109: file z:/task_1560433262/build/src/ipc/chromium/src/chrome/common/ipc_channel_win.cc, line 341
[Parent 8128, Gecko_IOThread] WARNING: pipe error: 109: file z:/task_1560433262/build/src/ipc/chromium/src/chrome/common/ipc_channel_win.cc, line 341
[Child 7160, Chrome_ChildThread] WARNING: pipe error: 109: file z:/task_1560433262/build/src/ipc/chromium/src/chrome/c[Child 6540, Chrome_Chommon/iildThrepc_channel_win.cc, line 341
ad] WARNING: pipe error: 109: file z:/task_1560433262/build/src/ipc/chromium/src/chrome/common/ipc_channel_win.cc, line 341
[Child 7160, Chrome_ChildThread] WARNING: pipe error: 109: file z:/task_1560433262/build/src/ipc/chromium/src/chrome/common/ipc_channel_win.cc, [Parent 8128, Gecko_IOThread] WARNING: file z:/task_1560433262/build/src/ipc/chromium/src/base/process_util_win.cc, line 160
1560794571245	Marionette	INFO	Stopped listening on port 56761
